<?xml version="1.0" encoding="UTF-8"?>
<!-- Generated by org.testng.reporters.JUnitReportReporter -->
<testsuite hostname="DESKTOP-M76SOK6" failures="0" tests="10" name="yesMechanic.PartnerPanel" time="46.946" errors="0" timestamp="2025-08-18T19:16:10 IST" skipped="0">
  <testcase classname="yesMechanic.PartnerPanel" name="enquiry" time="3.397"/>
  <testcase classname="yesMechanic.PartnerPanel" name="settings" time="3.222"/>
  <testcase classname="yesMechanic.PartnerPanel" name="LoginPage" time="17.122"/>
  <testcase classname="yesMechanic.PartnerPanel" name="spareparts" time="3.501"/>
  <testcase classname="yesMechanic.PartnerPanel" name="announcement" time="3.193"/>
  <testcase classname="yesMechanic.PartnerPanel" name="notifications" time="3.223"/>
  <testcase classname="yesMechanic.PartnerPanel" name="jobcards" time="3.190"/>
  <testcase classname="yesMechanic.PartnerPanel" name="service" time="3.228"/>
  <testcase classname="yesMechanic.PartnerPanel" name="servicecatloguelist" time="3.618"/>
  <testcase classname="yesMechanic.PartnerPanel" name="billing" time="3.252"/>
</testsuite> <!-- yesMechanic.PartnerPanel -->
