<?xml version="1.0" encoding="UTF-8"?>
<!-- Generated by org.testng.reporters.JUnitReportReporter -->
<testsuite hostname="DESKTOP-M76SOK6" failures="0" tests="1" name="userpanel.Login" time="3.951" errors="0" timestamp="2025-08-13T21:54:24 IST" skipped="0">
  <testcase classname="userpanel.Login" name="Testlogin" time="3.951"/>
</testsuite> <!-- userpanel.Login -->
