<?xml version="1.0" encoding="UTF-8"?>
<!-- Generated by org.testng.reporters.JUnitReportReporter -->
<testsuite hostname="DESKTOP-M76SOK6" failures="0" tests="1" name="userpanel.BookingCart" time="1.271" errors="0" timestamp="2025-08-14T13:04:00 IST" skipped="0">
  <testcase classname="userpanel.BookingCart" name="testEmptyBookingCart" time="1.271"/>
</testsuite> <!-- userpanel.BookingCart -->
