<?xml version="1.0" encoding="UTF-8"?>
<!-- Generated by org.testng.reporters.JUnitReportReporter -->
<testsuite hostname="DESKTOP-M76SOK6" failures="0" tests="13" name="yesMechanic.AdminPanel" time="206.158" errors="0" timestamp="2025-08-19T12:50:22 IST" skipped="0">
  <testcase classname="yesMechanic.AdminPanel" name="partner" time="25.921"/>
  <testcase classname="yesMechanic.AdminPanel" name="settings" time="56.865"/>
  <testcase classname="yesMechanic.AdminPanel" name="servicerequest" time="3.496"/>
  <testcase classname="yesMechanic.AdminPanel" name="orders" time="3.457"/>
  <testcase classname="yesMechanic.AdminPanel" name="jobcards" time="5.156"/>
  <testcase classname="yesMechanic.AdminPanel" name="Queries" time="17.993"/>
  <testcase classname="yesMechanic.AdminPanel" name="citymanagement" time="30.370"/>
  <testcase classname="yesMechanic.AdminPanel" name="LoginPage" time="13.803"/>
  <testcase classname="yesMechanic.AdminPanel" name="customers" time="10.377"/>
  <testcase classname="yesMechanic.AdminPanel" name="dashboard" time="5.170"/>
  <testcase classname="yesMechanic.AdminPanel" name="schedulerequest" time="2.444"/>
  <testcase classname="yesMechanic.AdminPanel" name="vehicle" time="10.386"/>
  <testcase classname="yesMechanic.AdminPanel" name="sos" time="20.720"/>
</testsuite> <!-- yesMechanic.AdminPanel -->
